#! /usr/local/bin/vvp
:ivl_version "12.0 (stable)";
:ivl_delay_selection "TYPICAL";
:vpi_time_precision + 0;
:vpi_module "/usr/local/lib/ivl/system.vpi";
:vpi_module "/usr/local/lib/ivl/vhdl_sys.vpi";
:vpi_module "/usr/local/lib/ivl/vhdl_textio.vpi";
:vpi_module "/usr/local/lib/ivl/v2005_math.vpi";
:vpi_module "/usr/local/lib/ivl/va_math.vpi";
:vpi_module "/usr/local/lib/ivl/v2009.vpi";
S_0x2d27dda0 .scope package, "$unit" "$unit" 2 1;
 .timescale 0 0;
S_0x2d27df30 .scope module, "ALU_4_bit_tb" "ALU_4_bit_tb" 3 1;
 .timescale 0 0;
v0x2d297ac0_0 .var "A", 3 0;
v0x2d297ba0_0 .var "B", 3 0;
v0x2d297c70_0 .net "Carry_out", 0 0, v0x2d297620_0;  1 drivers
v0x2d297d70_0 .var "Opcode", 2 0;
v0x2d297e40_0 .net "Output", 3 0, v0x2d2977d0_0;  1 drivers
v0x2d297f30_0 .net "zero", 0 0, v0x2d297900_0;  1 drivers
S_0x2d255580 .scope module, "dut" "ALU_4_bit" 3 12, 4 1 0, S_0x2d27df30;
 .timescale 0 0;
    .port_info 0 /INPUT 4 "A";
    .port_info 1 /INPUT 4 "B";
    .port_info 2 /INPUT 3 "Opcode";
    .port_info 3 /OUTPUT 4 "Output";
    .port_info 4 /OUTPUT 1 "Carry_out";
    .port_info 5 /OUTPUT 1 "zero";
v0x2d255800_0 .net "A", 3 0, v0x2d297ac0_0;  1 drivers
v0x2d297540_0 .net "B", 3 0, v0x2d297ba0_0;  1 drivers
v0x2d297620_0 .var "Carry_out", 0 0;
v0x2d2976f0_0 .net "Opcode", 2 0, v0x2d297d70_0;  1 drivers
v0x2d2977d0_0 .var "Output", 3 0;
v0x2d297900_0 .var "zero", 0 0;
E_0x2d243d20 .event anyedge, v0x2d2976f0_0, v0x2d255800_0, v0x2d297540_0, v0x2d2977d0_0;
    .scope S_0x2d255580;
T_0 ;
    %wait E_0x2d243d20;
    %pushi/vec4 0, 0, 1;
    %store/vec4 v0x2d297620_0, 0, 1;
    %load/vec4 v0x2d2976f0_0;
    %dup/vec4;
    %pushi/vec4 0, 0, 3;
    %cmp/u;
    %jmp/1 T_0.0, 6;
    %dup/vec4;
    %pushi/vec4 1, 0, 3;
    %cmp/u;
    %jmp/1 T_0.1, 6;
    %dup/vec4;
    %pushi/vec4 2, 0, 3;
    %cmp/u;
    %jmp/1 T_0.2, 6;
    %dup/vec4;
    %pushi/vec4 3, 0, 3;
    %cmp/u;
    %jmp/1 T_0.3, 6;
    %dup/vec4;
    %pushi/vec4 4, 0, 3;
    %cmp/u;
    %jmp/1 T_0.4, 6;
    %dup/vec4;
    %pushi/vec4 5, 0, 3;
    %cmp/u;
    %jmp/1 T_0.5, 6;
    %pushi/vec4 0, 0, 4;
    %store/vec4 v0x2d2977d0_0, 0, 4;
    %pushi/vec4 0, 0, 1;
    %store/vec4 v0x2d297620_0, 0, 1;
    %jmp T_0.7;
T_0.0 ;
    %load/vec4 v0x2d255800_0;
    %pad/u 5;
    %load/vec4 v0x2d297540_0;
    %pad/u 5;
    %add;
    %split/vec4 4;
    %store/vec4 v0x2d2977d0_0, 0, 4;
    %store/vec4 v0x2d297620_0, 0, 1;
    %jmp T_0.7;
T_0.1 ;
    %load/vec4 v0x2d255800_0;
    %pad/u 5;
    %load/vec4 v0x2d297540_0;
    %pad/u 5;
    %sub;
    %split/vec4 4;
    %store/vec4 v0x2d2977d0_0, 0, 4;
    %store/vec4 v0x2d297620_0, 0, 1;
    %jmp T_0.7;
T_0.2 ;
    %load/vec4 v0x2d255800_0;
    %load/vec4 v0x2d297540_0;
    %and;
    %store/vec4 v0x2d2977d0_0, 0, 4;
    %jmp T_0.7;
T_0.3 ;
    %load/vec4 v0x2d255800_0;
    %load/vec4 v0x2d297540_0;
    %or;
    %store/vec4 v0x2d2977d0_0, 0, 4;
    %jmp T_0.7;
T_0.4 ;
    %load/vec4 v0x2d255800_0;
    %load/vec4 v0x2d297540_0;
    %xor;
    %store/vec4 v0x2d2977d0_0, 0, 4;
    %jmp T_0.7;
T_0.5 ;
    %load/vec4 v0x2d255800_0;
    %inv;
    %store/vec4 v0x2d2977d0_0, 0, 4;
    %jmp T_0.7;
T_0.7 ;
    %pop/vec4 1;
    %load/vec4 v0x2d2977d0_0;
    %cmpi/e 0, 0, 4;
    %jmp/0xz  T_0.8, 4;
    %pushi/vec4 1, 0, 1;
    %store/vec4 v0x2d297900_0, 0, 1;
    %jmp T_0.9;
T_0.8 ;
    %pushi/vec4 0, 0, 1;
    %store/vec4 v0x2d297900_0, 0, 1;
T_0.9 ;
    %jmp T_0;
    .thread T_0, $push;
    .scope S_0x2d27df30;
T_1 ;
    %vpi_call/w 3 26 "$dumpfile", "dump.vcd" {0 0 0};
    %vpi_call/w 3 27 "$dumpvars", 32'sb00000000000000000000000000000000, S_0x2d27df30 {0 0 0};
    %end;
    .thread T_1;
    .scope S_0x2d27df30;
T_2 ;
    %vpi_call/w 3 35 "$display", "------------------------------------------------------" {0 0 0};
    %vpi_call/w 3 36 "$display", " A     B    Opcode   Output    Carry_out   zero" {0 0 0};
    %vpi_call/w 3 37 "$display", "------------------------------------------------------" {0 0 0};
    %vpi_call/w 3 38 "$monitor", " %b   %b   %b   %b   %b   %b", v0x2d297ac0_0, v0x2d297ba0_0, v0x2d297d70_0, v0x2d297e40_0, v0x2d297c70_0, v0x2d297f30_0 {0 0 0};
    %pushi/vec4 1, 0, 4;
    %store/vec4 v0x2d297ac0_0, 0, 4;
    %pushi/vec4 15, 0, 4;
    %store/vec4 v0x2d297ba0_0, 0, 4;
    %pushi/vec4 0, 0, 3;
    %store/vec4 v0x2d297d70_0, 0, 3;
    %delay 10, 0;
    %pushi/vec4 1, 0, 4;
    %store/vec4 v0x2d297ac0_0, 0, 4;
    %pushi/vec4 14, 0, 4;
    %store/vec4 v0x2d297ba0_0, 0, 4;
    %pushi/vec4 0, 0, 3;
    %store/vec4 v0x2d297d70_0, 0, 3;
    %delay 10, 0;
    %pushi/vec4 1, 0, 4;
    %store/vec4 v0x2d297ac0_0, 0, 4;
    %pushi/vec4 14, 0, 4;
    %store/vec4 v0x2d297ba0_0, 0, 4;
    %pushi/vec4 1, 0, 3;
    %store/vec4 v0x2d297d70_0, 0, 3;
    %delay 10, 0;
    %pushi/vec4 1, 0, 4;
    %store/vec4 v0x2d297ac0_0, 0, 4;
    %pushi/vec4 14, 0, 4;
    %store/vec4 v0x2d297ba0_0, 0, 4;
    %pushi/vec4 2, 0, 3;
    %store/vec4 v0x2d297d70_0, 0, 3;
    %delay 10, 0;
    %pushi/vec4 1, 0, 4;
    %store/vec4 v0x2d297ac0_0, 0, 4;
    %pushi/vec4 14, 0, 4;
    %store/vec4 v0x2d297ba0_0, 0, 4;
    %pushi/vec4 3, 0, 3;
    %store/vec4 v0x2d297d70_0, 0, 3;
    %delay 10, 0;
    %pushi/vec4 1, 0, 4;
    %store/vec4 v0x2d297ac0_0, 0, 4;
    %pushi/vec4 14, 0, 4;
    %store/vec4 v0x2d297ba0_0, 0, 4;
    %pushi/vec4 4, 0, 3;
    %store/vec4 v0x2d297d70_0, 0, 3;
    %delay 10, 0;
    %pushi/vec4 1, 0, 4;
    %store/vec4 v0x2d297ac0_0, 0, 4;
    %pushi/vec4 14, 0, 4;
    %store/vec4 v0x2d297ba0_0, 0, 4;
    %pushi/vec4 5, 0, 3;
    %store/vec4 v0x2d297d70_0, 0, 3;
    %delay 10, 0;
    %pushi/vec4 10, 0, 4;
    %store/vec4 v0x2d297ac0_0, 0, 4;
    %pushi/vec4 10, 0, 4;
    %store/vec4 v0x2d297ba0_0, 0, 4;
    %pushi/vec4 1, 0, 3;
    %store/vec4 v0x2d297d70_0, 0, 3;
    %delay 10, 0;
    %vpi_call/w 3 66 "$finish" {0 0 0};
    %end;
    .thread T_2;
# The file index is used to find the file name in the following table.
:file_names 5;
    "N/A";
    "<interactive>";
    "-";
    "testbench.sv";
    "design.sv";
